../../../src/01_eigenprogression_transform.py:85: Music21DeprecationWarning: Note._getMidi was deprecated on May 2014 and will disappear at or after May 2016. use pitch.midi instead
  note_start:note_end] = 1
2018-01-21 17:05:44.285875 Start.
Eigenprogression transform.
Composer: Haydn.
Piece: op09n3-01.

h5py version: 2.6.0
music21 version: 3.1.0
numpy version: 1.13.1
scipy version: 0.19.1

Parsing took 01.98 seconds.
Wavelet transform took 02.55 seconds.
Eigentriad transform took 00.69 seconds.
Scattering transform took 02.06 seconds.
Eigenprogression transform took 00 minutes and 08.35 seconds.
Spiral transform took 00 minutes and 55.98 seconds.
Averaging took 00 minutes and 16.80 seconds.
Traceback (most recent call last):
  File "../../../src/01_eigenprogression_transform.py", line 411, in <module>
    hdf5_dir = os.path.join(data_dir, full_logmelspec_name)
NameError: name 'full_logmelspec_name' is not defined
