
Jupyter server is running on: c39-03
Job starts at: Sat Jan 20 17:52:31 EST 2018

Step 1 :

If you are working in NYU campus, please open an iTerm window, run command

ssh -L 8356:localhost:8356 vl1019@prince.hpc.nyu.edu

If you are working off campus, you should already have ssh tunneling setup through HPC bastion host,
that you can directly login to prince with command

ssh vl1019@prince

Please open an iTerm window, run command

ssh -L 8356:localhost:8356 vl1019@prince

Step 2:

Keep the iTerm windows in the previouse step open. Now open browser, find the line with

The Jupyter Notebook is running at:

the URL is something: http://localhost:/?token=XXXXXXXX

you should be able to connect to jupyter notebook running remotly on prince compute node with above url

[I 17:52:32.160 NotebookApp] Writing notebook server cookie secret to /state/partition1/job-4207088/jupyter/notebook_cookie_secret
[I 17:52:32.519 NotebookApp] Serving notebooks from local directory: /home/vl1019
[I 17:52:32.519 NotebookApp] 0 active kernels 
[I 17:52:32.519 NotebookApp] The Jupyter Notebook is running at: http://localhost:8356/?token=459c74fa2091044b38793ba0a0ca200a4b420e778ba8e3f9
[I 17:52:32.519 NotebookApp] Use Control-C to stop this server and shut down all kernels (twice to skip confirmation).
[C 17:52:32.520 NotebookApp] 
    
    Copy/paste this URL into your browser when you connect for the first time,
    to login with a token:
        http://localhost:8356/?token=459c74fa2091044b38793ba0a0ca200a4b420e778ba8e3f9
slurmstepd: error: *** JOB 4207088 ON c39-03 CANCELLED AT 2018-01-21T05:52:56 DUE TO TIME LIMIT ***
