
Jupyter server is running on: c99-02
Job starts at: Fri Jan 12 11:55:42 EST 2018

Step 1 :

If you are working in NYU campus, please open an iTerm window, run command

ssh -L 9813:localhost:9813 vl1019@prince.hpc.nyu.edu

If you are working off campus, you should already have ssh tunneling setup through HPC bastion host,
that you can directly login to prince with command

ssh vl1019@prince

Please open an iTerm window, run command

ssh -L 9813:localhost:9813 vl1019@prince

Step 2:

Keep the iTerm windows in the previouse step open. Now open browser, find the line with

The Jupyter Notebook is running at:

the URL is something: http://localhost:/?token=XXXXXXXX

you should be able to connect to jupyter notebook running remotly on prince compute node with above url

[I 11:55:46.976 NotebookApp] Writing notebook server cookie secret to /state/partition1/job-3973463/jupyter/notebook_cookie_secret
[I 11:55:47.916 NotebookApp] Serving notebooks from local directory: /home/vl1019
[I 11:55:47.917 NotebookApp] 0 active kernels 
[I 11:55:47.917 NotebookApp] The Jupyter Notebook is running at: http://localhost:9813/?token=abf3caee58116b6858dd7efa764839d5c70a0731bf33efe4
[I 11:55:47.917 NotebookApp] Use Control-C to stop this server and shut down all kernels (twice to skip confirmation).
[C 11:55:47.917 NotebookApp] 
    
    Copy/paste this URL into your browser when you connect for the first time,
    to login with a token:
        http://localhost:9813/?token=abf3caee58116b6858dd7efa764839d5c70a0731bf33efe4
slurmstepd: error: *** JOB 3973463 ON c99-02 CANCELLED AT 2018-01-12T23:55:54 DUE TO TIME LIMIT ***
