
Jupyter server is running on: c39-03
Job starts at: Sat Jan 20 03:49:46 EST 2018

Step 1 :

If you are working in NYU campus, please open an iTerm window, run command

ssh -L 8477:localhost:8477 vl1019@prince.hpc.nyu.edu

If you are working off campus, you should already have ssh tunneling setup through HPC bastion host,
that you can directly login to prince with command

ssh vl1019@prince

Please open an iTerm window, run command

ssh -L 8477:localhost:8477 vl1019@prince

Step 2:

Keep the iTerm windows in the previouse step open. Now open browser, find the line with

The Jupyter Notebook is running at:

the URL is something: http://localhost:/?token=XXXXXXXX

you should be able to connect to jupyter notebook running remotly on prince compute node with above url

[I 03:49:49.346 NotebookApp] Writing notebook server cookie secret to /state/partition1/job-4196322/jupyter/notebook_cookie_secret
[I 03:49:50.681 NotebookApp] Serving notebooks from local directory: /home/vl1019
[I 03:49:50.681 NotebookApp] 0 active kernels 
[I 03:49:50.681 NotebookApp] The Jupyter Notebook is running at: http://localhost:8477/?token=c5fd8343281442e59647d0942e1c65633d72471e20621944
[I 03:49:50.681 NotebookApp] Use Control-C to stop this server and shut down all kernels (twice to skip confirmation).
[C 03:49:50.681 NotebookApp] 
    
    Copy/paste this URL into your browser when you connect for the first time,
    to login with a token:
        http://localhost:8477/?token=c5fd8343281442e59647d0942e1c65633d72471e20621944
[I 11:53:17.812 NotebookApp] 302 GET /?token=c5fd8343281442e59647d0942e1c65633d72471e20621944 (::1) 0.79ms
[W 12:07:33.873 NotebookApp] 404 GET /nbextensions/widgets/notebook/js/extension.js (::1) 64.30ms referer=http://localhost:8477/notebooks/nemisig2018/notebooks/Untitled.ipynb
[I 12:07:34.312 NotebookApp] Kernel started: f34ac847-e995-45e1-ab28-ace52903dbcc
[I 12:08:43.174 NotebookApp] Kernel restarted: f34ac847-e995-45e1-ab28-ace52903dbcc
[I 12:09:34.264 NotebookApp] Saving file at /nemisig2018/notebooks/Untitled.ipynb
[I 12:21:34.279 NotebookApp] Saving file at /nemisig2018/notebooks/Untitled.ipynb
[I 12:23:34.312 NotebookApp] Saving file at /nemisig2018/notebooks/Untitled.ipynb
[I 12:25:34.270 NotebookApp] Saving file at /nemisig2018/notebooks/Untitled.ipynb
[I 12:25:35.344 NotebookApp] Kernel restarted: f34ac847-e995-45e1-ab28-ace52903dbcc
[I 12:27:34.280 NotebookApp] Saving file at /nemisig2018/notebooks/Untitled.ipynb
[I 12:29:34.317 NotebookApp] Saving file at /nemisig2018/notebooks/Untitled.ipynb
[I 12:31:34.333 NotebookApp] Saving file at /nemisig2018/notebooks/Untitled.ipynb
[I 12:33:34.362 NotebookApp] Saving file at /nemisig2018/notebooks/Untitled.ipynb
[I 12:41:34.368 NotebookApp] Saving file at /nemisig2018/notebooks/Untitled.ipynb
[I 12:42:02.522 NotebookApp] Saving file at /nemisig2018/notebooks/Untitled.ipynb
[I 12:43:34.312 NotebookApp] Saving file at /nemisig2018/notebooks/Untitled.ipynb
[I 12:45:34.341 NotebookApp] Saving file at /nemisig2018/notebooks/Untitled.ipynb
[I 12:47:34.316 NotebookApp] Saving file at /nemisig2018/notebooks/Untitled.ipynb
[I 12:49:34.402 NotebookApp] Saving file at /nemisig2018/notebooks/Untitled.ipynb
[I 12:51:34.363 NotebookApp] Saving file at /nemisig2018/notebooks/Untitled.ipynb
[I 12:53:34.372 NotebookApp] Saving file at /nemisig2018/notebooks/Untitled.ipynb
[I 12:55:34.949 NotebookApp] Saving file at /nemisig2018/notebooks/Untitled.ipynb
[I 12:55:56.476 NotebookApp] Saving file at /nemisig2018/notebooks/Untitled.ipynb
[I 12:57:34.347 NotebookApp] Saving file at /nemisig2018/notebooks/Untitled.ipynb
[I 12:59:34.374 NotebookApp] Saving file at /nemisig2018/notebooks/Untitled.ipynb
[I 13:01:34.369 NotebookApp] Saving file at /nemisig2018/notebooks/Untitled.ipynb
[I 13:03:34.416 NotebookApp] Saving file at /nemisig2018/notebooks/Untitled.ipynb
[I 13:05:34.375 NotebookApp] Saving file at /nemisig2018/notebooks/Untitled.ipynb
[I 13:07:34.396 NotebookApp] Saving file at /nemisig2018/notebooks/Untitled.ipynb
[I 13:09:34.372 NotebookApp] Saving file at /nemisig2018/notebooks/Untitled.ipynb
[I 13:11:34.397 NotebookApp] Saving file at /nemisig2018/notebooks/Untitled.ipynb
[I 13:13:34.391 NotebookApp] Saving file at /nemisig2018/notebooks/Untitled.ipynb
[I 13:15:34.452 NotebookApp] Saving file at /nemisig2018/notebooks/Untitled.ipynb
[I 13:17:05.396 NotebookApp] Saving file at /nemisig2018/notebooks/Untitled.ipynb
[I 13:17:34.418 NotebookApp] Saving file at /nemisig2018/notebooks/Untitled.ipynb
[I 13:19:34.461 NotebookApp] Saving file at /nemisig2018/notebooks/Untitled.ipynb
[I 13:19:54.044 NotebookApp] Kernel restarted: f34ac847-e995-45e1-ab28-ace52903dbcc
[I 13:21:34.441 NotebookApp] Saving file at /nemisig2018/notebooks/Untitled.ipynb
[I 13:23:34.447 NotebookApp] Saving file at /nemisig2018/notebooks/Untitled.ipynb
[I 13:25:34.500 NotebookApp] Saving file at /nemisig2018/notebooks/Untitled.ipynb
[I 13:27:34.459 NotebookApp] Saving file at /nemisig2018/notebooks/Untitled.ipynb
[I 13:29:34.505 NotebookApp] Saving file at /nemisig2018/notebooks/Untitled.ipynb
[I 13:31:34.560 NotebookApp] Saving file at /nemisig2018/notebooks/Untitled.ipynb
[I 13:33:34.581 NotebookApp] Saving file at /nemisig2018/notebooks/Untitled.ipynb
[I 13:35:34.554 NotebookApp] Saving file at /nemisig2018/notebooks/Untitled.ipynb
[I 13:37:34.667 NotebookApp] Saving file at /nemisig2018/notebooks/Untitled.ipynb
[I 13:39:34.548 NotebookApp] Saving file at /nemisig2018/notebooks/fig1.ipynb
[I 13:41:34.568 NotebookApp] Saving file at /nemisig2018/notebooks/fig1.ipynb
[I 13:43:34.483 NotebookApp] Saving file at /nemisig2018/notebooks/fig1.ipynb
[I 13:45:34.691 NotebookApp] Saving file at /nemisig2018/notebooks/fig1.ipynb
[I 13:47:34.743 NotebookApp] Saving file at /nemisig2018/notebooks/fig1.ipynb
[I 13:49:34.698 NotebookApp] Saving file at /nemisig2018/notebooks/fig1.ipynb
[I 13:51:34.612 NotebookApp] Saving file at /nemisig2018/notebooks/fig1.ipynb
[I 13:53:34.535 NotebookApp] Saving file at /nemisig2018/notebooks/fig1.ipynb
[I 14:33:34.926 NotebookApp] Saving file at /nemisig2018/notebooks/fig1.ipynb
[I 14:35:34.678 NotebookApp] Saving file at /nemisig2018/notebooks/fig1.ipynb
[I 14:37:35.053 NotebookApp] Saving file at /nemisig2018/notebooks/fig1.ipynb
[I 14:39:34.666 NotebookApp] Saving file at /nemisig2018/notebooks/fig1.ipynb
[I 14:41:34.797 NotebookApp] Saving file at /nemisig2018/notebooks/fig1.ipynb
[I 14:43:34.880 NotebookApp] Saving file at /nemisig2018/notebooks/fig1.ipynb
[I 14:45:34.923 NotebookApp] Saving file at /nemisig2018/notebooks/fig1.ipynb
[I 14:47:34.794 NotebookApp] Saving file at /nemisig2018/notebooks/fig1.ipynb
[I 14:49:34.844 NotebookApp] Saving file at /nemisig2018/notebooks/fig1.ipynb
[I 14:51:34.910 NotebookApp] Saving file at /nemisig2018/notebooks/fig1.ipynb
slurmstepd: error: *** JOB 4196322 ON c39-03 CANCELLED AT 2018-01-20T15:49:54 DUE TO TIME LIMIT ***
